
> link-slack-bot@1.0.0 start /Users/leshy/work/nhllink/code/1/link-slack-bot
> node index.js --link-slack-bot "--SLACK_BOT_TOKEN=xoxb-191883867029-NvjnCB0F9dc5OiZurQXFIByl"


> link-slack-bot@1.0.0 start /Users/leshy/work/nhllink/code/1/link-slack-bot
> node index.js --link-slack-bot "--SLACK_BOT_TOKEN=xoxb-191883867029-NvjnCB0F9dc5OiZurQXFIByl"


> link-slack-bot@1.0.0 start /Users/leshy/work/nhllink/code/1/link-slack-bot
> node index.js --link-slack-bot "--SLACK_BOT_TOKEN=xoxb-191883867029-NvjnCB0F9dc5OiZurQXFIByl"

/Users/leshy/work/nhllink/code/1/link-slack-bot/index.js:131
    let teamChannelQuestions = TEAM_CHANNELS.get(channel.id).questions,
                                                 ^

ReferenceError: channel is not defined
    at answerQuestion (/Users/leshy/work/nhllink/code/1/link-slack-bot/index.js:131:50)
    at RTMClient.handleRtmMessage (/Users/leshy/work/nhllink/code/1/link-slack-bot/index.js:159:9)
    at RTMClient.emit (/Users/leshy/work/nhllink/code/1/link-slack-bot/node_modules/eventemitter3/index.js:116:35)
    at RTMClient.emit (/Users/leshy/work/nhllink/code/1/link-slack-bot/node_modules/slack-client/lib/clients/client.js:72:39)
    at RTMClient._handleWsMessageViaEventHandler (/Users/leshy/work/nhllink/code/1/link-slack-bot/node_modules/slack-client/lib/clients/rtm/client.js:425:8)
    at RTMClient.handleWsMessage (/Users/leshy/work/nhllink/code/1/link-slack-bot/node_modules/slack-client/lib/clients/rtm/client.js:373:10)
    at WebSocket.wrapper (/Users/leshy/work/nhllink/code/1/link-slack-bot/node_modules/lodash/index.js:3095:19)
    at emitTwo (events.js:125:13)
    at WebSocket.emit (events.js:213:7)
    at Receiver.ontext (/Users/leshy/work/nhllink/code/1/link-slack-bot/node_modules/ws/lib/WebSocket.js:841:10)
npm ERR! code ELIFECYCLE
npm ERR! errno 1
npm ERR! link-slack-bot@1.0.0 start: `node index.js --link-slack-bot "--SLACK_BOT_TOKEN=xoxb-191883867029-NvjnCB0F9dc5OiZurQXFIByl"`
npm ERR! Exit status 1
npm ERR! 
npm ERR! Failed at the link-slack-bot@1.0.0 start script.
npm ERR! This is probably not a problem with npm. There is likely additional logging output above.

npm ERR! A complete log of this run can be found in:
npm ERR!     /Users/leshy/.npm/_logs/2017-06-07T14_07_21_725Z-debug.log

> link-slack-bot@1.0.0 start /Users/leshy/work/nhllink/code/1/link-slack-bot
> node index.js --link-slack-bot "--SLACK_BOT_TOKEN=xoxb-191883867029-NvjnCB0F9dc5OiZurQXFIByl"

/Users/leshy/work/nhllink/code/1/link-slack-bot/index.js:145
    rtm.sendMessage(messageText, message.channel);
                                 ^

ReferenceError: message is not defined
    at answerQuestion (/Users/leshy/work/nhllink/code/1/link-slack-bot/index.js:145:34)
    at RTMClient.handleRtmMessage (/Users/leshy/work/nhllink/code/1/link-slack-bot/index.js:159:9)
    at RTMClient.emit (/Users/leshy/work/nhllink/code/1/link-slack-bot/node_modules/eventemitter3/index.js:116:35)
    at RTMClient.emit (/Users/leshy/work/nhllink/code/1/link-slack-bot/node_modules/slack-client/lib/clients/client.js:72:39)
    at RTMClient._handleWsMessageViaEventHandler (/Users/leshy/work/nhllink/code/1/link-slack-bot/node_modules/slack-client/lib/clients/rtm/client.js:425:8)
    at RTMClient.handleWsMessage (/Users/leshy/work/nhllink/code/1/link-slack-bot/node_modules/slack-client/lib/clients/rtm/client.js:373:10)
    at WebSocket.wrapper (/Users/leshy/work/nhllink/code/1/link-slack-bot/node_modules/lodash/index.js:3095:19)
    at emitTwo (events.js:125:13)
    at WebSocket.emit (events.js:213:7)
    at Receiver.ontext (/Users/leshy/work/nhllink/code/1/link-slack-bot/node_modules/ws/lib/WebSocket.js:841:10)
npm ERR! code ELIFECYCLE
npm ERR! errno 1
npm ERR! link-slack-bot@1.0.0 start: `node index.js --link-slack-bot "--SLACK_BOT_TOKEN=xoxb-191883867029-NvjnCB0F9dc5OiZurQXFIByl"`
npm ERR! Exit status 1
npm ERR! 
npm ERR! Failed at the link-slack-bot@1.0.0 start script.
npm ERR! This is probably not a problem with npm. There is likely additional logging output above.

npm ERR! A complete log of this run can be found in:
npm ERR!     /Users/leshy/.npm/_logs/2017-06-07T14_07_53_737Z-debug.log

> link-slack-bot@1.0.0 start /Users/leshy/work/nhllink/code/1/link-slack-bot
> node index.js --link-slack-bot "--SLACK_BOT_TOKEN=xoxb-191883867029-NvjnCB0F9dc5OiZurQXFIByl"

/Users/leshy/work/nhllink/code/1/link-slack-bot/index.js:135
    user.answers.push(message.text);
                      ^

ReferenceError: message is not defined
    at answerQuestion (/Users/leshy/work/nhllink/code/1/link-slack-bot/index.js:135:23)
    at RTMClient.handleRtmMessage (/Users/leshy/work/nhllink/code/1/link-slack-bot/index.js:158:9)
    at RTMClient.emit (/Users/leshy/work/nhllink/code/1/link-slack-bot/node_modules/eventemitter3/index.js:116:35)
    at RTMClient.emit (/Users/leshy/work/nhllink/code/1/link-slack-bot/node_modules/slack-client/lib/clients/client.js:72:39)
    at RTMClient._handleWsMessageViaEventHandler (/Users/leshy/work/nhllink/code/1/link-slack-bot/node_modules/slack-client/lib/clients/rtm/client.js:425:8)
    at RTMClient.handleWsMessage (/Users/leshy/work/nhllink/code/1/link-slack-bot/node_modules/slack-client/lib/clients/rtm/client.js:373:10)
    at WebSocket.wrapper (/Users/leshy/work/nhllink/code/1/link-slack-bot/node_modules/lodash/index.js:3095:19)
    at emitTwo (events.js:125:13)
    at WebSocket.emit (events.js:213:7)
    at Receiver.ontext (/Users/leshy/work/nhllink/code/1/link-slack-bot/node_modules/ws/lib/WebSocket.js:841:10)
npm ERR! code ELIFECYCLE
npm ERR! errno 1
npm ERR! link-slack-bot@1.0.0 start: `node index.js --link-slack-bot "--SLACK_BOT_TOKEN=xoxb-191883867029-NvjnCB0F9dc5OiZurQXFIByl"`
npm ERR! Exit status 1
npm ERR! 
npm ERR! Failed at the link-slack-bot@1.0.0 start script.
npm ERR! This is probably not a problem with npm. There is likely additional logging output above.

npm ERR! A complete log of this run can be found in:
npm ERR!     /Users/leshy/.npm/_logs/2017-06-07T14_09_05_384Z-debug.log

> link-slack-bot@1.0.0 start /Users/leshy/work/nhllink/code/1/link-slack-bot
> node index.js --link-slack-bot "--SLACK_BOT_TOKEN=xoxb-191883867029-NvjnCB0F9dc5OiZurQXFIByl"

/Users/leshy/work/nhllink/code/1/link-slack-bot/index.js:139
        web.chat.postMessage(userTeamChannelId, post);
                             ^

ReferenceError: userTeamChannelId is not defined
    at answerQuestion (/Users/leshy/work/nhllink/code/1/link-slack-bot/index.js:139:30)
    at RTMClient.handleRtmMessage (/Users/leshy/work/nhllink/code/1/link-slack-bot/index.js:158:9)
    at RTMClient.emit (/Users/leshy/work/nhllink/code/1/link-slack-bot/node_modules/eventemitter3/index.js:116:35)
    at RTMClient.emit (/Users/leshy/work/nhllink/code/1/link-slack-bot/node_modules/slack-client/lib/clients/client.js:72:39)
    at RTMClient._handleWsMessageViaEventHandler (/Users/leshy/work/nhllink/code/1/link-slack-bot/node_modules/slack-client/lib/clients/rtm/client.js:425:8)
    at RTMClient.handleWsMessage (/Users/leshy/work/nhllink/code/1/link-slack-bot/node_modules/slack-client/lib/clients/rtm/client.js:373:10)
    at WebSocket.wrapper (/Users/leshy/work/nhllink/code/1/link-slack-bot/node_modules/lodash/index.js:3095:19)
    at emitTwo (events.js:125:13)
    at WebSocket.emit (events.js:213:7)
    at Receiver.ontext (/Users/leshy/work/nhllink/code/1/link-slack-bot/node_modules/ws/lib/WebSocket.js:841:10)
npm ERR! code ELIFECYCLE
npm ERR! errno 1
npm ERR! link-slack-bot@1.0.0 start: `node index.js --link-slack-bot "--SLACK_BOT_TOKEN=xoxb-191883867029-NvjnCB0F9dc5OiZurQXFIByl"`
npm ERR! Exit status 1
npm ERR! 
npm ERR! Failed at the link-slack-bot@1.0.0 start script.
npm ERR! This is probably not a problem with npm. There is likely additional logging output above.

npm ERR! A complete log of this run can be found in:
npm ERR!     /Users/leshy/.npm/_logs/2017-06-07T14_09_54_853Z-debug.log

> link-slack-bot@1.0.0 start /Users/leshy/work/nhllink/code/1/link-slack-bot
> node index.js --link-slack-bot "--SLACK_BOT_TOKEN=xoxb-191883867029-NvjnCB0F9dc5OiZurQXFIByl"


> link-slack-bot@1.0.0 start /Users/leshy/work/nhllink/code/1/link-slack-bot
> node index.js --link-slack-bot "--SLACK_BOT_TOKEN=xoxb-191883867029-NvjnCB0F9dc5OiZurQXFIByl"


> link-slack-bot@1.0.0 start /Users/leshy/work/nhllink/code/1/link-slack-bot
> node index.js --link-slack-bot "--SLACK_BOT_TOKEN=xoxb-191883867029-NvjnCB0F9dc5OiZurQXFIByl"


> link-slack-bot@1.0.0 start /Users/leshy/work/nhllink/code/1/link-slack-bot
> node index.js --link-slack-bot "--SLACK_BOT_TOKEN=xoxb-191883867029-NvjnCB0F9dc5OiZurQXFIByl"


> link-slack-bot@1.0.0 start /Users/leshy/work/nhllink/code/1/link-slack-bot
> node index.js --link-slack-bot "--SLACK_BOT_TOKEN=xoxb-191883867029-NvjnCB0F9dc5OiZurQXFIByl"

